<?xml version="1.0" encoding="UTF-8"?>
<testng-results ignored="0" total="1" passed="1" failed="0" skipped="0">
  <reporter-output>
  </reporter-output>
  <suite started-at="2025-01-02T21:07:28 IST" name="Default suite" finished-at="2025-01-02T21:08:16 IST" duration-ms="47971">
    <groups>
    </groups>
    <test started-at="2025-01-02T21:07:28 IST" name="Default test" finished-at="2025-01-02T21:08:16 IST" duration-ms="47971">
      <class name="com.ShoppersStack.TestScripts.Tc_001_Verify_User_Is_Able_To_Add_Address_Or_Not">
        <test-method is-config="true" signature="beforeSuit()[pri:0, instance:com.ShoppersStack.TestScripts.Tc_001_Verify_User_Is_Able_To_Add_Address_Or_Not@6a6cb05c]" started-at="2025-01-02T21:07:28 IST" name="beforeSuit" finished-at="2025-01-02T21:07:28 IST" duration-ms="14" status="PASS">
          <reporter-output>
          </reporter-output>
        </test-method> <!-- beforeSuit -->
        <test-method is-config="true" signature="beforeTest()[pri:0, instance:com.ShoppersStack.TestScripts.Tc_001_Verify_User_Is_Able_To_Add_Address_Or_Not@6a6cb05c]" started-at="2025-01-02T21:07:28 IST" name="beforeTest" finished-at="2025-01-02T21:07:28 IST" duration-ms="211" status="PASS">
          <reporter-output>
          </reporter-output>
        </test-method> <!-- beforeTest -->
        <test-method is-config="true" signature="beforeClass()[pri:0, instance:com.ShoppersStack.TestScripts.Tc_001_Verify_User_Is_Able_To_Add_Address_Or_Not@6a6cb05c]" started-at="2025-01-02T21:07:28 IST" name="beforeClass" finished-at="2025-01-02T21:07:33 IST" duration-ms="4719" status="PASS">
          <reporter-output>
          </reporter-output>
        </test-method> <!-- beforeClass -->
        <test-method is-config="true" signature="beforeMethod()[pri:0, instance:com.ShoppersStack.TestScripts.Tc_001_Verify_User_Is_Able_To_Add_Address_Or_Not@6a6cb05c]" started-at="2025-01-02T21:07:33 IST" name="beforeMethod" finished-at="2025-01-02T21:07:49 IST" duration-ms="16361" status="PASS">
          <reporter-output>
          </reporter-output>
        </test-method> <!-- beforeMethod -->
        <test-method signature="addAddress()[pri:0, instance:com.ShoppersStack.TestScripts.Tc_001_Verify_User_Is_Able_To_Add_Address_Or_Not@6a6cb05c]" started-at="2025-01-02T21:07:49 IST" name="addAddress" finished-at="2025-01-02T21:08:10 IST" duration-ms="20668" status="PASS">
          <reporter-output>
          </reporter-output>
        </test-method> <!-- addAddress -->
        <test-method is-config="true" signature="afterMethod()[pri:0, instance:com.ShoppersStack.TestScripts.Tc_001_Verify_User_Is_Able_To_Add_Address_Or_Not@6a6cb05c]" started-at="2025-01-02T21:08:10 IST" name="afterMethod" finished-at="2025-01-02T21:08:12 IST" duration-ms="2351" status="PASS">
          <reporter-output>
          </reporter-output>
        </test-method> <!-- afterMethod -->
        <test-method is-config="true" signature="aftetrClass()[pri:0, instance:com.ShoppersStack.TestScripts.Tc_001_Verify_User_Is_Able_To_Add_Address_Or_Not@6a6cb05c]" started-at="2025-01-02T21:08:12 IST" name="aftetrClass" finished-at="2025-01-02T21:08:16 IST" duration-ms="3368" status="PASS">
          <reporter-output>
          </reporter-output>
        </test-method> <!-- aftetrClass -->
        <test-method is-config="true" signature="afterTest()[pri:0, instance:com.ShoppersStack.TestScripts.Tc_001_Verify_User_Is_Able_To_Add_Address_Or_Not@6a6cb05c]" started-at="2025-01-02T21:08:16 IST" name="afterTest" finished-at="2025-01-02T21:08:16 IST" duration-ms="241" status="PASS">
          <reporter-output>
          </reporter-output>
        </test-method> <!-- afterTest -->
        <test-method is-config="true" signature="afterSuit()[pri:0, instance:com.ShoppersStack.TestScripts.Tc_001_Verify_User_Is_Able_To_Add_Address_Or_Not@6a6cb05c]" started-at="2025-01-02T21:08:16 IST" name="afterSuit" finished-at="2025-01-02T21:08:16 IST" duration-ms="1" status="PASS">
          <reporter-output>
          </reporter-output>
        </test-method> <!-- afterSuit -->
      </class> <!-- com.ShoppersStack.TestScripts.Tc_001_Verify_User_Is_Able_To_Add_Address_Or_Not -->
    </test> <!-- Default test -->
  </suite> <!-- Default suite -->
</testng-results>
